0 info it worked if it ends with ok
1 verbose cli [ 'node', '/usr/local/bin/npm', 'install', 'rbenv' ]
2 info using npm@2.0.0-alpha-5
3 info using node@v0.10.31
4 verbose node symlink /usr/local/bin/node
5 verbose config Skipping project config: /Users/guangxianpiao/.npmrc. (matches userconfig)
6 verbose cache add [ 'rbenv', null ]
7 verbose cache add spec="rbenv" args=["rbenv",null]
8 verbose parsed spec { raw: 'rbenv',
8 verbose parsed spec   scope: null,
8 verbose parsed spec   name: 'rbenv',
8 verbose parsed spec   rawSpec: '',
8 verbose parsed spec   spec: '*',
8 verbose parsed spec   type: 'range' }
9 verbose addNamed [ 'rbenv', '*' ]
10 verbose addNamed [ null, '*' ]
11 silly lockFile 45c26c67-rbenv rbenv@*
12 verbose lock rbenv@* /Users/guangxianpiao/.npm/45c26c67-rbenv.lock
13 silly addNameRange { name: 'rbenv', range: '*', hasData: false }
14 verbose mapToRegistry name rbenv
15 verbose mapToRegistry uri https://registry.npmjs.org/rbenv
16 verbose request where is /rbenv
17 verbose request registry https://registry.npmjs.org/
18 verbose request id ec01c813b237fa1f
19 verbose request url raw /rbenv
20 verbose request url resolving [ 'https://registry.npmjs.org/', './rbenv' ]
21 verbose request url resolved https://registry.npmjs.org/rbenv
22 verbose request where is https://registry.npmjs.org/rbenv
23 verbose request no basic auth needed
24 info trying registry request attempt 1 at 00:33:00
25 http GET https://registry.npmjs.org/rbenv
26 http 404 https://registry.npmjs.org/rbenv
27 verbose headers { date: 'Sat, 06 Sep 2014 07:33:00 GMT',
27 verbose headers   server: 'CouchDB/1.5.0 (Erlang OTP/R14B04)',
27 verbose headers   'content-type': 'application/json',
27 verbose headers   'cache-control': 'max-age=0',
27 verbose headers   'content-length': '52',
27 verbose headers   'accept-ranges': 'bytes',
27 verbose headers   via: '1.1 varnish',
27 verbose headers   age: '0',
27 verbose headers   'x-served-by': 'cache-lax1430-LAX',
27 verbose headers   'x-cache': 'MISS',
27 verbose headers   'x-cache-hits': '0',
27 verbose headers   'x-timer': 'S1409988780.415084,VS0,VE322',
27 verbose headers   'keep-alive': 'timeout=10, max=50',
27 verbose headers   connection: 'Keep-Alive' }
28 silly registry.get cb [ 404,
28 silly registry.get   { date: 'Sat, 06 Sep 2014 07:33:00 GMT',
28 silly registry.get     server: 'CouchDB/1.5.0 (Erlang OTP/R14B04)',
28 silly registry.get     'content-type': 'application/json',
28 silly registry.get     'cache-control': 'max-age=0',
28 silly registry.get     'content-length': '52',
28 silly registry.get     'accept-ranges': 'bytes',
28 silly registry.get     via: '1.1 varnish',
28 silly registry.get     age: '0',
28 silly registry.get     'x-served-by': 'cache-lax1430-LAX',
28 silly registry.get     'x-cache': 'MISS',
28 silly registry.get     'x-cache-hits': '0',
28 silly registry.get     'x-timer': 'S1409988780.415084,VS0,VE322',
28 silly registry.get     'keep-alive': 'timeout=10, max=50',
28 silly registry.get     connection: 'Keep-Alive' } ]
29 silly lockFile 45c26c67-rbenv rbenv@*
30 silly lockFile 45c26c67-rbenv rbenv@*
31 error 404 404 Not Found: rbenv
31 error 404
31 error 404 'rbenv' is not in the npm registry.
31 error 404 You should bug the author to publish it
31 error 404
31 error 404 Note that you can also install from a
31 error 404 tarball, folder, or http url, or git url.
32 error System Darwin 13.3.0
33 error command "node" "/usr/local/bin/npm" "install" "rbenv"
34 error cwd /Users/guangxianpiao/practice_questions
35 error node -v v0.10.31
36 error npm -v 2.0.0-alpha-5
37 error code E404
38 verbose exit [ 1, true ]
